<?xml version="1.0" encoding="UTF-8"?>
<testng-results skipped="0" failed="0" ignored="0" total="1" passed="1">
  <reporter-output>
  </reporter-output>
  <suite name="Default suite" duration-ms="17864" started-at="2020-03-26T16:05:37Z" finished-at="2020-03-26T16:05:55Z">
    <groups>
    </groups>
    <test name="Default test" duration-ms="17864" started-at="2020-03-26T16:05:37Z" finished-at="2020-03-26T16:05:55Z">
      <class name="tests.TestMouseOver">
        <test-method status="PASS" signature="Testmouseover()[pri:0, instance:tests.TestMouseOver@36d4b5c]" name="Testmouseover" duration-ms="17821" started-at="2020-03-26T16:05:37Z" finished-at="2020-03-26T16:05:55Z">
          <reporter-output>
          </reporter-output>
        </test-method> <!-- Testmouseover -->
      </class> <!-- tests.TestMouseOver -->
    </test> <!-- Default test -->
  </suite> <!-- Default suite -->
</testng-results>
